\BOOKMARK [1][-]{section.0.1}{0.1 前言}{}
\BOOKMARK [0][-]{section*.2}{目录}{}
\BOOKMARK [1][-]{section.0.2}{0.2 为什么不为``民主化''投资}{section*.2}
\BOOKMARK [1][-]{section.0.3}{0.3 为什么对莫斯科维茨心生崇敬}{section*.2}
\BOOKMARK [1][-]{section.0.4}{0.4 我们这个时代最智慧的头脑}{section*.2}
\BOOKMARK [1][-]{section.0.5}{0.5 不要跟自己的肺生气}{section*.2}
\BOOKMARK [1][-]{section.0.6}{0.6 聪明的投资者}{section*.2}
\BOOKMARK [1][-]{section.0.7}{0.7 如果回到1997年}{section*.2}
\BOOKMARK [1][-]{section.0.8}{0.8 创新也能是护城河？}{section*.2}
\BOOKMARK [1][-]{section.0.9}{0.9 荒谬历史中的一点奇葩}{section*.2}
\BOOKMARK [1][-]{section.0.10}{0.10 我们如何来到现在}{section*.2}
\BOOKMARK [1][-]{section.0.11}{0.11 从长远看，我们都是要死的}{section*.2}
\BOOKMARK [1][-]{section.0.12}{0.12 一个理想主义者的价值投资}{section*.2}
\BOOKMARK [1][-]{section.0.13}{0.13 大公司的边界}{section*.2}
\BOOKMARK [1][-]{section.0.14}{0.14 所以，它就安静地站着}{section*.2}
\BOOKMARK [1][-]{section.0.15}{0.15 富有的邻居和聪明的小贼们}{section*.2}
\BOOKMARK [1][-]{section.0.16}{0.16 通过欢乐获取力量}{section*.2}
\BOOKMARK [1][-]{section.0.17}{0.17 我们所热爱的青春期}{section*.2}
\BOOKMARK [1][-]{section.0.18}{0.18 为什么奥特曼不能在银行里下棋}{section*.2}
\BOOKMARK [1][-]{section.0.19}{0.19 它不像你想象的那么简单}{section*.2}
\BOOKMARK [1][-]{section.0.20}{0.20 工匠们创造的历史}{section*.2}
\BOOKMARK [1][-]{section.0.21}{0.21 日光之下，并无新事}{section*.2}
\BOOKMARK [1][-]{section.0.22}{0.22 有一些人值得为他起立鼓掌（上）}{section*.2}
\BOOKMARK [1][-]{section.0.23}{0.23 有一些人值得为他起立鼓掌（下）}{section*.2}
\BOOKMARK [1][-]{section.0.24}{0.24 ``加里驾驶小飞机兜风那天''}{section*.2}
\BOOKMARK [1][-]{section.0.25}{0.25 你是智慧多一点，还是钱多一点}{section*.2}
\BOOKMARK [1][-]{section.0.26}{0.26 当范德比尔特最后一次经过码头（上）}{section*.2}
\BOOKMARK [1][-]{section.0.27}{0.27 当范德比尔特最后一次经过码头（下）}{section*.2}
\BOOKMARK [1][-]{section.0.28}{0.28 然后，他就开始沮丧起来}{section*.2}
\BOOKMARK [1][-]{section.0.29}{0.29 潘多拉的盒子是什么时候打开的（上）}{section*.2}
\BOOKMARK [1][-]{section.0.30}{0.30 潘多拉的盒子是什么时候打开的（下）}{section*.2}
\BOOKMARK [1][-]{section.0.31}{0.31 底特律到底发生了什么（上）}{section*.2}
\BOOKMARK [1][-]{section.0.32}{0.32 那些数学大师们}{section*.2}
\BOOKMARK [1][-]{section.0.33}{0.33 底特律到底发生了什么（下）}{section*.2}
\BOOKMARK [1][-]{section.0.34}{0.34 即使聪明如理查德·费曼\203\203}{section*.2}
\BOOKMARK [1][-]{section.0.35}{0.35 听说你打算定制一个伟大习惯？}{section*.2}
\BOOKMARK [1][-]{section.0.36}{0.36 ``这条贪婪的隧道尽头\203\203''}{section*.2}
\BOOKMARK [1][-]{section.0.37}{0.37 ``我知道事情真相啦''}{section*.2}
\BOOKMARK [1][-]{section.0.38}{0.38 我们只是想摆脱庸常生活}{section*.2}
\BOOKMARK [1][-]{section.0.39}{0.39 当心，被他们骗了}{section*.2}
\BOOKMARK [1][-]{section.0.40}{0.40 你从事的是娱乐业}{section*.2}
\BOOKMARK [1][-]{section.0.41}{0.41 伯恩斯坦错了吗}{section*.2}
\BOOKMARK [1][-]{section.0.42}{0.42 怎么就成了巴圣人了}{section*.2}
\BOOKMARK [1][-]{section.1..1}{.1 本栏目全部推荐书目：}{section*.2}
